2022-02-27 16:20:25.186 -05:00 [Error] [LinkedInLoginPage]: Failed to locate two factor auth app view.
2022-02-27 16:20:35.641 -05:00 [Error] Exception occured when processing request.
2022-02-27 16:20:35.947 -05:00 [Error] HTTP "POST" "/api/authentication" responded 500 in 33822.7809 ms
OpenQA.Selenium.WebDriverTimeoutException: Timed out after 10 seconds
   at OpenQA.Selenium.Support.UI.DefaultWait`1.ThrowTimeoutException(String exceptionMessage, Exception lastException)
   at OpenQA.Selenium.Support.UI.DefaultWait`1.Until[TResult](Func`2 condition, CancellationToken token)
   at OpenQA.Selenium.Support.UI.DefaultWait`1.Until[TResult](Func`2 condition)
   at PageObjects.Pages.LinkedInLoginPage.get_IsTwoFactorAuthRequired() in D:\Dev\Projects\leadsly\Leadsly.Application.Hal\PageObjects\Pages\LinkedInLoginPage.cs:line 118
   at Domain.Supervisor.Supervisor.Authenticate(IWebDriver driver, String email, String password) in D:\Dev\Projects\leadsly\Leadsly.Application.Hal\Domain\Supervisor\AuthenticationLeadslyBot.cs:line 128
   at Domain.Supervisor.Supervisor.AuthenticateAccount(AuthenticateAccount request) in D:\Dev\Projects\leadsly\Leadsly.Application.Hal\Domain\Supervisor\AuthenticationLeadslyBot.cs:line 109
   at Hal.Controllers.AuthenticationController.Authenticate(AuthenticateAccount authAccount) in D:\Dev\Projects\leadsly\Leadsly.Application.Hal\Hal\Controllers\AuthenticationController.cs:line 28
   at lambda_method17(Closure , Object , Object[] )
   at Microsoft.AspNetCore.Mvc.Infrastructure.ActionMethodExecutor.SyncActionResultExecutor.Execute(IActionResultTypeMapper mapper, ObjectMethodExecutor executor, Object controller, Object[] arguments)
   at Microsoft.AspNetCore.Mvc.Infrastructure.ControllerActionInvoker.InvokeActionMethodAsync()
   at Microsoft.AspNetCore.Mvc.Infrastructure.ControllerActionInvoker.Next(State& next, Scope& scope, Object& state, Boolean& isCompleted)
   at Microsoft.AspNetCore.Mvc.Infrastructure.ControllerActionInvoker.InvokeNextActionFilterAsync()
--- End of stack trace from previous location ---
   at Microsoft.AspNetCore.Mvc.Infrastructure.ControllerActionInvoker.Rethrow(ActionExecutedContextSealed context)
   at Microsoft.AspNetCore.Mvc.Infrastructure.ControllerActionInvoker.Next(State& next, Scope& scope, Object& state, Boolean& isCompleted)
   at Microsoft.AspNetCore.Mvc.Infrastructure.ControllerActionInvoker.InvokeInnerFilterAsync()
--- End of stack trace from previous location ---
   at Microsoft.AspNetCore.Mvc.Infrastructure.ResourceInvoker.<InvokeNextExceptionFilterAsync>g__Awaited|26_0(ResourceInvoker invoker, Task lastTask, State next, Scope scope, Object state, Boolean isCompleted)
   at Microsoft.AspNetCore.Mvc.Infrastructure.ResourceInvoker.Rethrow(ExceptionContextSealed context)
   at Microsoft.AspNetCore.Mvc.Infrastructure.ResourceInvoker.Next(State& next, Scope& scope, Object& state, Boolean& isCompleted)
   at Microsoft.AspNetCore.Mvc.Infrastructure.ResourceInvoker.InvokeFilterPipelineAsync()
--- End of stack trace from previous location ---
   at Microsoft.AspNetCore.Mvc.Infrastructure.ResourceInvoker.<InvokeAsync>g__Logged|17_1(ResourceInvoker invoker)
   at Microsoft.AspNetCore.Mvc.Infrastructure.ResourceInvoker.<InvokeAsync>g__Logged|17_1(ResourceInvoker invoker)
   at Microsoft.AspNetCore.Routing.EndpointMiddleware.<Invoke>g__AwaitRequestTask|6_0(Endpoint endpoint, Task requestTask, ILogger logger)
   at Serilog.AspNetCore.RequestLoggingMiddleware.Invoke(HttpContext httpContext)
2022-02-27 17:50:32.752 -05:00 [Error] [LinkedInLoginPage]: Failed to locate two factor auth app view.
2022-02-27 17:50:34.125 -05:00 [Error] [LinkedInLoginPage]: Failed to locate two factor auth app view.
2022-02-27 18:24:27.924 -05:00 [Error] [LinkedInLoginPage]: Failed to locate two factor auth app view.
2022-02-27 18:24:46.524 -05:00 [Error] [LinkedInLoginPage]: Failed to locate two factor auth app view.
2022-02-27 18:52:56.849 -05:00 [Error] [LinkedInLoginPage]: Failed to locate two factor auth app view.
2022-02-27 18:53:14.396 -05:00 [Error] [LinkedInLoginPage]: Failed to locate two factor auth app view.
2022-02-27 18:57:02.344 -05:00 [Error] [LinkedInLoginPage]: Failed to locate two factor auth app view.
2022-02-27 18:57:15.649 -05:00 [Error] [LinkedInLoginPage]: Failed to locate two factor auth app view.
2022-02-27 18:57:19.253 -05:00 [Error] [LinkedInLoginPage]: Failed to locate two factor auth app view.
2022-02-27 18:57:33.649 -05:00 [Error] [LinkedInLoginPage]: Failed to locate two factor auth app view.
2022-02-27 19:18:34.861 -05:00 [Error] [LinkedInLoginPage]: Failed to locate two factor auth app view.
2022-02-27 19:18:52.499 -05:00 [Error] [LinkedInLoginPage]: Failed to locate two factor auth app view.
2022-02-27 19:19:07.558 -05:00 [Error] [LinkedInLoginPage]: Failed to locate two factor auth app view.
2022-02-27 19:22:10.527 -05:00 [Error] [LinkedInLoginPage]: Failed to locate two factor auth app view.
2022-02-27 19:23:13.525 -05:00 [Warning] [LinkedInLoginPage]: Failed to locate two factor authentication error banner. This is most likely desired behavior.
2022-02-27 19:24:56.548 -05:00 [Error] [LinkedInLoginPage]: Failed to locate two factor auth app view.
2022-02-27 19:24:56.650 -05:00 [Error] [LinkedInLoginPage]: Failed to locate two factor auth app view.
2022-02-27 19:26:21.295 -05:00 [Error] [LinkedInLoginPage]: Failed to locate two factor auth app view.
2022-02-27 19:26:21.370 -05:00 [Error] [LinkedInLoginPage]: Failed to locate two factor auth app view.
2022-02-27 19:26:31.325 -05:00 [Error] [LinkedInLoginPage]: Failed to locate two factor auth app view.
2022-02-27 19:26:47.282 -05:00 [Warning] [LinkedInLoginPage]: Failed to locate two factor authentication error banner. This is most likely desired behavior.
2022-02-27 19:32:49.369 -05:00 [Error] [LinkedInLoginPage]: Failed to locate two factor auth app view.
2022-02-27 19:32:49.470 -05:00 [Error] [LinkedInLoginPage]: Failed to locate two factor auth app view.
2022-02-27 19:33:01.077 -05:00 [Error] [LinkedInLoginPage]: Failed to locate two factor auth app view.
2022-02-27 20:43:48.996 -05:00 [Error] Failed to create new web driver.
OpenQA.Selenium.WebDriverException: unknown error: Chrome failed to start: exited normally.
  (chrome not reachable)
  (The process started from chrome location C:\Program Files (x86)\Google\Chrome\Application\chrome.exe is no longer running, so ChromeDriver is assuming that Chrome has crashed.)
   at OpenQA.Selenium.WebDriver.UnpackAndThrowOnError(Response errorResponse)
   at OpenQA.Selenium.WebDriver.Execute(String driverCommandToExecute, Dictionary`2 parameters)
   at OpenQA.Selenium.WebDriver.StartSession(ICapabilities desiredCapabilities)
   at OpenQA.Selenium.WebDriver..ctor(ICommandExecutor executor, ICapabilities capabilities)
   at OpenQA.Selenium.Chromium.ChromiumDriver..ctor(ChromiumDriverService service, ChromiumOptions options, TimeSpan commandTimeout)
   at OpenQA.Selenium.Chrome.ChromeDriver..ctor(ChromeDriverService service, ChromeOptions options, TimeSpan commandTimeout)
   at OpenQA.Selenium.Chrome.ChromeDriver..ctor(ChromeOptions options)
   at Domain.Supervisor.Supervisor.CreateWebDriver(InstantiateWebDriver newWebDriver) in D:\Dev\Projects\leadsly\Leadsly.Application.Hal\Domain\Supervisor\WebDriverSupervisor.cs:line 27
2022-02-27 20:46:32.131 -05:00 [Error] [LinkedInLoginPage]: Failed to locate two factor auth app view.
2022-02-27 20:46:32.236 -05:00 [Error] [LinkedInLoginPage]: Failed to locate two factor auth app view.
2022-02-27 20:46:43.913 -05:00 [Error] [LinkedInLoginPage]: Failed to locate two factor auth app view.
2022-02-27 20:47:04.758 -05:00 [Error] Failed to create new web driver.
OpenQA.Selenium.WebDriverArgumentException: invalid argument: user data directory is already in use, please specify a unique value for --user-data-dir argument, or don't use --user-data-dir
   at OpenQA.Selenium.WebDriver.UnpackAndThrowOnError(Response errorResponse)
   at OpenQA.Selenium.WebDriver.Execute(String driverCommandToExecute, Dictionary`2 parameters)
   at OpenQA.Selenium.WebDriver.StartSession(ICapabilities desiredCapabilities)
   at OpenQA.Selenium.WebDriver..ctor(ICommandExecutor executor, ICapabilities capabilities)
   at OpenQA.Selenium.Chromium.ChromiumDriver..ctor(ChromiumDriverService service, ChromiumOptions options, TimeSpan commandTimeout)
   at OpenQA.Selenium.Chrome.ChromeDriver..ctor(ChromeDriverService service, ChromeOptions options, TimeSpan commandTimeout)
   at OpenQA.Selenium.Chrome.ChromeDriver..ctor(ChromeOptions options)
   at Domain.Supervisor.Supervisor.CreateWebDriver(InstantiateWebDriver newWebDriver) in D:\Dev\Projects\leadsly\Leadsly.Application.Hal\Domain\Supervisor\WebDriverSupervisor.cs:line 27
2022-02-27 20:47:13.183 -05:00 [Error] Exception occured when processing request.
2022-02-27 20:47:13.347 -05:00 [Error] HTTP "POST" "/api/authentication" responded 500 in 344.4743 ms
System.ArgumentNullException: Value cannot be null. (Parameter 'key')
   at Microsoft.Extensions.Caching.Memory.MemoryCache.<ValidateCacheKey>g__Throw|32_0()
   at Microsoft.Extensions.Caching.Memory.MemoryCache.TryGetValue(Object key, Object& result)
   at Domain.Supervisor.Supervisor.GetWebDriverFromCache(String webDriverId, Object& driver) in D:\Dev\Projects\leadsly\Leadsly.Application.Hal\Domain\Supervisor\AuthenticationLeadslyBot.cs:line 79
   at Domain.Supervisor.Supervisor.AuthenticateAccount(AuthenticateAccount request) in D:\Dev\Projects\leadsly\Leadsly.Application.Hal\Domain\Supervisor\AuthenticationLeadslyBot.cs:line 98
   at Hal.Controllers.AuthenticationController.Authenticate(AuthenticateAccount authAccount) in D:\Dev\Projects\leadsly\Leadsly.Application.Hal\Hal\Controllers\AuthenticationController.cs:line 28
   at lambda_method17(Closure , Object , Object[] )
   at Microsoft.AspNetCore.Mvc.Infrastructure.ActionMethodExecutor.SyncActionResultExecutor.Execute(IActionResultTypeMapper mapper, ObjectMethodExecutor executor, Object controller, Object[] arguments)
   at Microsoft.AspNetCore.Mvc.Infrastructure.ControllerActionInvoker.InvokeActionMethodAsync()
   at Microsoft.AspNetCore.Mvc.Infrastructure.ControllerActionInvoker.Next(State& next, Scope& scope, Object& state, Boolean& isCompleted)
   at Microsoft.AspNetCore.Mvc.Infrastructure.ControllerActionInvoker.InvokeNextActionFilterAsync()
--- End of stack trace from previous location ---
   at Microsoft.AspNetCore.Mvc.Infrastructure.ControllerActionInvoker.Rethrow(ActionExecutedContextSealed context)
   at Microsoft.AspNetCore.Mvc.Infrastructure.ControllerActionInvoker.Next(State& next, Scope& scope, Object& state, Boolean& isCompleted)
   at Microsoft.AspNetCore.Mvc.Infrastructure.ControllerActionInvoker.InvokeInnerFilterAsync()
--- End of stack trace from previous location ---
   at Microsoft.AspNetCore.Mvc.Infrastructure.ResourceInvoker.<InvokeNextExceptionFilterAsync>g__Awaited|26_0(ResourceInvoker invoker, Task lastTask, State next, Scope scope, Object state, Boolean isCompleted)
   at Microsoft.AspNetCore.Mvc.Infrastructure.ResourceInvoker.Rethrow(ExceptionContextSealed context)
   at Microsoft.AspNetCore.Mvc.Infrastructure.ResourceInvoker.Next(State& next, Scope& scope, Object& state, Boolean& isCompleted)
   at Microsoft.AspNetCore.Mvc.Infrastructure.ResourceInvoker.InvokeFilterPipelineAsync()
--- End of stack trace from previous location ---
   at Microsoft.AspNetCore.Mvc.Infrastructure.ResourceInvoker.<InvokeAsync>g__Logged|17_1(ResourceInvoker invoker)
   at Microsoft.AspNetCore.Mvc.Infrastructure.ResourceInvoker.<InvokeAsync>g__Logged|17_1(ResourceInvoker invoker)
   at Microsoft.AspNetCore.Routing.EndpointMiddleware.<Invoke>g__AwaitRequestTask|6_0(Endpoint endpoint, Task requestTask, ILogger logger)
   at Serilog.AspNetCore.RequestLoggingMiddleware.Invoke(HttpContext httpContext)
2022-02-27 20:47:19.401 -05:00 [Error] Exception occured when processing request.
2022-02-27 20:47:19.549 -05:00 [Error] HTTP "POST" "/api/authentication" responded 500 in 299.9063 ms
System.ArgumentNullException: Value cannot be null. (Parameter 'key')
   at Microsoft.Extensions.Caching.Memory.MemoryCache.<ValidateCacheKey>g__Throw|32_0()
   at Microsoft.Extensions.Caching.Memory.MemoryCache.TryGetValue(Object key, Object& result)
   at Domain.Supervisor.Supervisor.GetWebDriverFromCache(String webDriverId, Object& driver) in D:\Dev\Projects\leadsly\Leadsly.Application.Hal\Domain\Supervisor\AuthenticationLeadslyBot.cs:line 79
   at Domain.Supervisor.Supervisor.AuthenticateAccount(AuthenticateAccount request) in D:\Dev\Projects\leadsly\Leadsly.Application.Hal\Domain\Supervisor\AuthenticationLeadslyBot.cs:line 98
   at Hal.Controllers.AuthenticationController.Authenticate(AuthenticateAccount authAccount) in D:\Dev\Projects\leadsly\Leadsly.Application.Hal\Hal\Controllers\AuthenticationController.cs:line 28
   at lambda_method17(Closure , Object , Object[] )
   at Microsoft.AspNetCore.Mvc.Infrastructure.ActionMethodExecutor.SyncActionResultExecutor.Execute(IActionResultTypeMapper mapper, ObjectMethodExecutor executor, Object controller, Object[] arguments)
   at Microsoft.AspNetCore.Mvc.Infrastructure.ControllerActionInvoker.InvokeActionMethodAsync()
   at Microsoft.AspNetCore.Mvc.Infrastructure.ControllerActionInvoker.Next(State& next, Scope& scope, Object& state, Boolean& isCompleted)
   at Microsoft.AspNetCore.Mvc.Infrastructure.ControllerActionInvoker.InvokeNextActionFilterAsync()
--- End of stack trace from previous location ---
   at Microsoft.AspNetCore.Mvc.Infrastructure.ControllerActionInvoker.Rethrow(ActionExecutedContextSealed context)
   at Microsoft.AspNetCore.Mvc.Infrastructure.ControllerActionInvoker.Next(State& next, Scope& scope, Object& state, Boolean& isCompleted)
   at Microsoft.AspNetCore.Mvc.Infrastructure.ControllerActionInvoker.InvokeInnerFilterAsync()
--- End of stack trace from previous location ---
   at Microsoft.AspNetCore.Mvc.Infrastructure.ResourceInvoker.<InvokeNextExceptionFilterAsync>g__Awaited|26_0(ResourceInvoker invoker, Task lastTask, State next, Scope scope, Object state, Boolean isCompleted)
   at Microsoft.AspNetCore.Mvc.Infrastructure.ResourceInvoker.Rethrow(ExceptionContextSealed context)
   at Microsoft.AspNetCore.Mvc.Infrastructure.ResourceInvoker.Next(State& next, Scope& scope, Object& state, Boolean& isCompleted)
   at Microsoft.AspNetCore.Mvc.Infrastructure.ResourceInvoker.InvokeFilterPipelineAsync()
--- End of stack trace from previous location ---
   at Microsoft.AspNetCore.Mvc.Infrastructure.ResourceInvoker.<InvokeAsync>g__Logged|17_1(ResourceInvoker invoker)
   at Microsoft.AspNetCore.Mvc.Infrastructure.ResourceInvoker.<InvokeAsync>g__Logged|17_1(ResourceInvoker invoker)
   at Microsoft.AspNetCore.Routing.EndpointMiddleware.<Invoke>g__AwaitRequestTask|6_0(Endpoint endpoint, Task requestTask, ILogger logger)
   at Serilog.AspNetCore.RequestLoggingMiddleware.Invoke(HttpContext httpContext)
2022-02-27 20:54:56.929 -05:00 [Error] Failed to create new web driver.
OpenQA.Selenium.WebDriverArgumentException: invalid argument: user data directory is already in use, please specify a unique value for --user-data-dir argument, or don't use --user-data-dir
   at OpenQA.Selenium.WebDriver.UnpackAndThrowOnError(Response errorResponse)
   at OpenQA.Selenium.WebDriver.Execute(String driverCommandToExecute, Dictionary`2 parameters)
   at OpenQA.Selenium.WebDriver.StartSession(ICapabilities desiredCapabilities)
   at OpenQA.Selenium.WebDriver..ctor(ICommandExecutor executor, ICapabilities capabilities)
   at OpenQA.Selenium.Chromium.ChromiumDriver..ctor(ChromiumDriverService service, ChromiumOptions options, TimeSpan commandTimeout)
   at OpenQA.Selenium.Chrome.ChromeDriver..ctor(ChromeDriverService service, ChromeOptions options, TimeSpan commandTimeout)
   at OpenQA.Selenium.Chrome.ChromeDriver..ctor(ChromeOptions options)
   at Domain.Supervisor.Supervisor.CreateWebDriver(InstantiateWebDriver newWebDriver) in D:\Dev\Projects\leadsly\Leadsly.Application.Hal\Domain\Supervisor\WebDriverSupervisor.cs:line 27
2022-02-27 20:55:16.962 -05:00 [Error] Failed to create new web driver.
OpenQA.Selenium.WebDriverArgumentException: invalid argument: user data directory is already in use, please specify a unique value for --user-data-dir argument, or don't use --user-data-dir
   at OpenQA.Selenium.WebDriver.UnpackAndThrowOnError(Response errorResponse)
   at OpenQA.Selenium.WebDriver.Execute(String driverCommandToExecute, Dictionary`2 parameters)
   at OpenQA.Selenium.WebDriver.StartSession(ICapabilities desiredCapabilities)
   at OpenQA.Selenium.WebDriver..ctor(ICommandExecutor executor, ICapabilities capabilities)
   at OpenQA.Selenium.Chromium.ChromiumDriver..ctor(ChromiumDriverService service, ChromiumOptions options, TimeSpan commandTimeout)
   at OpenQA.Selenium.Chrome.ChromeDriver..ctor(ChromeDriverService service, ChromeOptions options, TimeSpan commandTimeout)
   at OpenQA.Selenium.Chrome.ChromeDriver..ctor(ChromeOptions options)
   at Domain.Supervisor.Supervisor.CreateWebDriver(InstantiateWebDriver newWebDriver) in D:\Dev\Projects\leadsly\Leadsly.Application.Hal\Domain\Supervisor\WebDriverSupervisor.cs:line 27
2022-02-27 20:56:03.638 -05:00 [Error] Failed to create new web driver.
OpenQA.Selenium.WebDriverArgumentException: invalid argument: user data directory is already in use, please specify a unique value for --user-data-dir argument, or don't use --user-data-dir
   at OpenQA.Selenium.WebDriver.UnpackAndThrowOnError(Response errorResponse)
   at OpenQA.Selenium.WebDriver.Execute(String driverCommandToExecute, Dictionary`2 parameters)
   at OpenQA.Selenium.WebDriver.StartSession(ICapabilities desiredCapabilities)
   at OpenQA.Selenium.WebDriver..ctor(ICommandExecutor executor, ICapabilities capabilities)
   at OpenQA.Selenium.Chromium.ChromiumDriver..ctor(ChromiumDriverService service, ChromiumOptions options, TimeSpan commandTimeout)
   at OpenQA.Selenium.Chrome.ChromeDriver..ctor(ChromeDriverService service, ChromeOptions options, TimeSpan commandTimeout)
   at OpenQA.Selenium.Chrome.ChromeDriver..ctor(ChromeOptions options)
   at Domain.Supervisor.Supervisor.CreateWebDriver(InstantiateWebDriver newWebDriver) in D:\Dev\Projects\leadsly\Leadsly.Application.Hal\Domain\Supervisor\WebDriverSupervisor.cs:line 27
2022-02-27 21:02:10.822 -05:00 [Error] Failed to create new web driver.
OpenQA.Selenium.WebDriverArgumentException: invalid argument: user data directory is already in use, please specify a unique value for --user-data-dir argument, or don't use --user-data-dir
   at OpenQA.Selenium.WebDriver.UnpackAndThrowOnError(Response errorResponse)
   at OpenQA.Selenium.WebDriver.Execute(String driverCommandToExecute, Dictionary`2 parameters)
   at OpenQA.Selenium.WebDriver.StartSession(ICapabilities desiredCapabilities)
   at OpenQA.Selenium.WebDriver..ctor(ICommandExecutor executor, ICapabilities capabilities)
   at OpenQA.Selenium.Chromium.ChromiumDriver..ctor(ChromiumDriverService service, ChromiumOptions options, TimeSpan commandTimeout)
   at OpenQA.Selenium.Chrome.ChromeDriver..ctor(ChromeDriverService service, ChromeOptions options, TimeSpan commandTimeout)
   at OpenQA.Selenium.Chrome.ChromeDriver..ctor(ChromeOptions options)
   at Domain.Supervisor.Supervisor.CreateWebDriver(InstantiateWebDriver newWebDriver) in D:\Dev\Projects\leadsly\Leadsly.Application.Hal\Domain\Supervisor\WebDriverSupervisor.cs:line 27
2022-02-27 21:04:12.027 -05:00 [Error] Failed to create new web driver.
OpenQA.Selenium.WebDriverArgumentException: invalid argument: user data directory is already in use, please specify a unique value for --user-data-dir argument, or don't use --user-data-dir
   at OpenQA.Selenium.WebDriver.UnpackAndThrowOnError(Response errorResponse)
   at OpenQA.Selenium.WebDriver.Execute(String driverCommandToExecute, Dictionary`2 parameters)
   at OpenQA.Selenium.WebDriver.StartSession(ICapabilities desiredCapabilities)
   at OpenQA.Selenium.WebDriver..ctor(ICommandExecutor executor, ICapabilities capabilities)
   at OpenQA.Selenium.Chromium.ChromiumDriver..ctor(ChromiumDriverService service, ChromiumOptions options, TimeSpan commandTimeout)
   at OpenQA.Selenium.Chrome.ChromeDriver..ctor(ChromeDriverService service, ChromeOptions options, TimeSpan commandTimeout)
   at OpenQA.Selenium.Chrome.ChromeDriver..ctor(ChromeOptions options)
   at Domain.Supervisor.Supervisor.CreateWebDriver(InstantiateWebDriver newWebDriver) in D:\Dev\Projects\leadsly\Leadsly.Application.Hal\Domain\Supervisor\WebDriverSupervisor.cs:line 27
2022-02-27 21:05:11.018 -05:00 [Error] Failed to create new web driver.
OpenQA.Selenium.WebDriverArgumentException: invalid argument: user data directory is already in use, please specify a unique value for --user-data-dir argument, or don't use --user-data-dir
   at OpenQA.Selenium.WebDriver.UnpackAndThrowOnError(Response errorResponse)
   at OpenQA.Selenium.WebDriver.Execute(String driverCommandToExecute, Dictionary`2 parameters)
   at OpenQA.Selenium.WebDriver.StartSession(ICapabilities desiredCapabilities)
   at OpenQA.Selenium.WebDriver..ctor(ICommandExecutor executor, ICapabilities capabilities)
   at OpenQA.Selenium.Chromium.ChromiumDriver..ctor(ChromiumDriverService service, ChromiumOptions options, TimeSpan commandTimeout)
   at OpenQA.Selenium.Chrome.ChromeDriver..ctor(ChromeDriverService service, ChromeOptions options, TimeSpan commandTimeout)
   at OpenQA.Selenium.Chrome.ChromeDriver..ctor(ChromeOptions options)
   at Domain.Supervisor.Supervisor.CreateWebDriver(InstantiateWebDriver newWebDriver) in D:\Dev\Projects\leadsly\Leadsly.Application.Hal\Domain\Supervisor\WebDriverSupervisor.cs:line 27
2022-02-27 21:07:34.831 -05:00 [Error] Failed to create new web driver.
OpenQA.Selenium.WebDriverArgumentException: invalid argument: user data directory is already in use, please specify a unique value for --user-data-dir argument, or don't use --user-data-dir
   at OpenQA.Selenium.WebDriver.UnpackAndThrowOnError(Response errorResponse)
   at OpenQA.Selenium.WebDriver.Execute(String driverCommandToExecute, Dictionary`2 parameters)
   at OpenQA.Selenium.WebDriver.StartSession(ICapabilities desiredCapabilities)
   at OpenQA.Selenium.WebDriver..ctor(ICommandExecutor executor, ICapabilities capabilities)
   at OpenQA.Selenium.Chromium.ChromiumDriver..ctor(ChromiumDriverService service, ChromiumOptions options, TimeSpan commandTimeout)
   at OpenQA.Selenium.Chrome.ChromeDriver..ctor(ChromeDriverService service, ChromeOptions options, TimeSpan commandTimeout)
   at OpenQA.Selenium.Chrome.ChromeDriver..ctor(ChromeOptions options)
   at Domain.Supervisor.Supervisor.CreateWebDriver(InstantiateWebDriver newWebDriver) in D:\Dev\Projects\leadsly\Leadsly.Application.Hal\Domain\Supervisor\WebDriverSupervisor.cs:line 27
2022-02-27 21:08:54.157 -05:00 [Error] Failed to create new web driver.
OpenQA.Selenium.WebDriverArgumentException: invalid argument: user data directory is already in use, please specify a unique value for --user-data-dir argument, or don't use --user-data-dir
   at OpenQA.Selenium.WebDriver.UnpackAndThrowOnError(Response errorResponse)
   at OpenQA.Selenium.WebDriver.Execute(String driverCommandToExecute, Dictionary`2 parameters)
   at OpenQA.Selenium.WebDriver.StartSession(ICapabilities desiredCapabilities)
   at OpenQA.Selenium.WebDriver..ctor(ICommandExecutor executor, ICapabilities capabilities)
   at OpenQA.Selenium.Chromium.ChromiumDriver..ctor(ChromiumDriverService service, ChromiumOptions options, TimeSpan commandTimeout)
   at OpenQA.Selenium.Chrome.ChromeDriver..ctor(ChromeDriverService service, ChromeOptions options, TimeSpan commandTimeout)
   at OpenQA.Selenium.Chrome.ChromeDriver..ctor(ChromeOptions options)
   at Domain.Supervisor.Supervisor.CreateWebDriver(InstantiateWebDriver newWebDriver) in D:\Dev\Projects\leadsly\Leadsly.Application.Hal\Domain\Supervisor\WebDriverSupervisor.cs:line 27
2022-02-27 21:09:25.329 -05:00 [Error] Failed to create new web driver.
OpenQA.Selenium.WebDriverArgumentException: invalid argument: user data directory is already in use, please specify a unique value for --user-data-dir argument, or don't use --user-data-dir
   at OpenQA.Selenium.WebDriver.UnpackAndThrowOnError(Response errorResponse)
   at OpenQA.Selenium.WebDriver.Execute(String driverCommandToExecute, Dictionary`2 parameters)
   at OpenQA.Selenium.WebDriver.StartSession(ICapabilities desiredCapabilities)
   at OpenQA.Selenium.WebDriver..ctor(ICommandExecutor executor, ICapabilities capabilities)
   at OpenQA.Selenium.Chromium.ChromiumDriver..ctor(ChromiumDriverService service, ChromiumOptions options, TimeSpan commandTimeout)
   at OpenQA.Selenium.Chrome.ChromeDriver..ctor(ChromeDriverService service, ChromeOptions options, TimeSpan commandTimeout)
   at OpenQA.Selenium.Chrome.ChromeDriver..ctor(ChromeOptions options)
   at Domain.Supervisor.Supervisor.CreateWebDriver(InstantiateWebDriver newWebDriver) in D:\Dev\Projects\leadsly\Leadsly.Application.Hal\Domain\Supervisor\WebDriverSupervisor.cs:line 27
2022-02-27 21:09:39.491 -05:00 [Error] Failed to create new web driver.
OpenQA.Selenium.WebDriverArgumentException: invalid argument: user data directory is already in use, please specify a unique value for --user-data-dir argument, or don't use --user-data-dir
   at OpenQA.Selenium.WebDriver.UnpackAndThrowOnError(Response errorResponse)
   at OpenQA.Selenium.WebDriver.Execute(String driverCommandToExecute, Dictionary`2 parameters)
   at OpenQA.Selenium.WebDriver.StartSession(ICapabilities desiredCapabilities)
   at OpenQA.Selenium.WebDriver..ctor(ICommandExecutor executor, ICapabilities capabilities)
   at OpenQA.Selenium.Chromium.ChromiumDriver..ctor(ChromiumDriverService service, ChromiumOptions options, TimeSpan commandTimeout)
   at OpenQA.Selenium.Chrome.ChromeDriver..ctor(ChromeDriverService service, ChromeOptions options, TimeSpan commandTimeout)
   at OpenQA.Selenium.Chrome.ChromeDriver..ctor(ChromeOptions options)
   at Domain.Supervisor.Supervisor.CreateWebDriver(InstantiateWebDriver newWebDriver) in D:\Dev\Projects\leadsly\Leadsly.Application.Hal\Domain\Supervisor\WebDriverSupervisor.cs:line 27
2022-02-27 21:10:28.650 -05:00 [Error] Failed to create new web driver.
OpenQA.Selenium.WebDriverArgumentException: invalid argument: user data directory is already in use, please specify a unique value for --user-data-dir argument, or don't use --user-data-dir
   at OpenQA.Selenium.WebDriver.UnpackAndThrowOnError(Response errorResponse)
   at OpenQA.Selenium.WebDriver.Execute(String driverCommandToExecute, Dictionary`2 parameters)
   at OpenQA.Selenium.WebDriver.StartSession(ICapabilities desiredCapabilities)
   at OpenQA.Selenium.WebDriver..ctor(ICommandExecutor executor, ICapabilities capabilities)
   at OpenQA.Selenium.Chromium.ChromiumDriver..ctor(ChromiumDriverService service, ChromiumOptions options, TimeSpan commandTimeout)
   at OpenQA.Selenium.Chrome.ChromeDriver..ctor(ChromeDriverService service, ChromeOptions options, TimeSpan commandTimeout)
   at OpenQA.Selenium.Chrome.ChromeDriver..ctor(ChromeOptions options)
   at Domain.Supervisor.Supervisor.CreateWebDriver(InstantiateWebDriver newWebDriver) in D:\Dev\Projects\leadsly\Leadsly.Application.Hal\Domain\Supervisor\WebDriverSupervisor.cs:line 27
2022-02-27 21:11:21.300 -05:00 [Error] Failed to create new web driver.
OpenQA.Selenium.WebDriverArgumentException: invalid argument: user data directory is already in use, please specify a unique value for --user-data-dir argument, or don't use --user-data-dir
   at OpenQA.Selenium.WebDriver.UnpackAndThrowOnError(Response errorResponse)
   at OpenQA.Selenium.WebDriver.Execute(String driverCommandToExecute, Dictionary`2 parameters)
   at OpenQA.Selenium.WebDriver.StartSession(ICapabilities desiredCapabilities)
   at OpenQA.Selenium.WebDriver..ctor(ICommandExecutor executor, ICapabilities capabilities)
   at OpenQA.Selenium.Chromium.ChromiumDriver..ctor(ChromiumDriverService service, ChromiumOptions options, TimeSpan commandTimeout)
   at OpenQA.Selenium.Chrome.ChromeDriver..ctor(ChromeDriverService service, ChromeOptions options, TimeSpan commandTimeout)
   at OpenQA.Selenium.Chrome.ChromeDriver..ctor(ChromeOptions options)
   at Domain.Supervisor.Supervisor.CreateWebDriver(InstantiateWebDriver newWebDriver) in D:\Dev\Projects\leadsly\Leadsly.Application.Hal\Domain\Supervisor\WebDriverSupervisor.cs:line 27
2022-02-27 22:33:19.493 -05:00 [Error] Failed to create new web driver.
OpenQA.Selenium.WebDriverArgumentException: invalid argument: user data directory is already in use, please specify a unique value for --user-data-dir argument, or don't use --user-data-dir
   at OpenQA.Selenium.WebDriver.UnpackAndThrowOnError(Response errorResponse)
   at OpenQA.Selenium.WebDriver.Execute(String driverCommandToExecute, Dictionary`2 parameters)
   at OpenQA.Selenium.WebDriver.StartSession(ICapabilities desiredCapabilities)
   at OpenQA.Selenium.WebDriver..ctor(ICommandExecutor executor, ICapabilities capabilities)
   at OpenQA.Selenium.Chromium.ChromiumDriver..ctor(ChromiumDriverService service, ChromiumOptions options, TimeSpan commandTimeout)
   at OpenQA.Selenium.Chrome.ChromeDriver..ctor(ChromeDriverService service, ChromeOptions options, TimeSpan commandTimeout)
   at OpenQA.Selenium.Chrome.ChromeDriver..ctor(ChromeOptions options)
   at Domain.Supervisor.Supervisor.CreateWebDriver(InstantiateWebDriver newWebDriver) in D:\Dev\Projects\leadsly\Leadsly.Application.Hal\Domain\Supervisor\WebDriverSupervisor.cs:line 27
2022-02-27 22:44:40.634 -05:00 [Error] Failed to create new web driver.
OpenQA.Selenium.WebDriverArgumentException: invalid argument: user data directory is already in use, please specify a unique value for --user-data-dir argument, or don't use --user-data-dir
   at OpenQA.Selenium.WebDriver.UnpackAndThrowOnError(Response errorResponse)
   at OpenQA.Selenium.WebDriver.Execute(String driverCommandToExecute, Dictionary`2 parameters)
   at OpenQA.Selenium.WebDriver.StartSession(ICapabilities desiredCapabilities)
   at OpenQA.Selenium.WebDriver..ctor(ICommandExecutor executor, ICapabilities capabilities)
   at OpenQA.Selenium.Chromium.ChromiumDriver..ctor(ChromiumDriverService service, ChromiumOptions options, TimeSpan commandTimeout)
   at OpenQA.Selenium.Chrome.ChromeDriver..ctor(ChromeDriverService service, ChromeOptions options, TimeSpan commandTimeout)
   at OpenQA.Selenium.Chrome.ChromeDriver..ctor(ChromeOptions options)
   at Domain.Supervisor.Supervisor.CreateWebDriver(InstantiateWebDriver newWebDriver) in D:\Dev\Projects\leadsly\Leadsly.Application.Hal\Domain\Supervisor\WebDriverSupervisor.cs:line 27
2022-02-27 23:36:29.580 -05:00 [Error] Could not locate template chrome profile directory. Make sure it is part of this build artifacts
2022-02-27 23:36:30.227 -05:00 [Error] Failed to create new web driver.
OpenQA.Selenium.WebDriverArgumentException: invalid argument: user data directory is already in use, please specify a unique value for --user-data-dir argument, or don't use --user-data-dir
   at OpenQA.Selenium.WebDriver.UnpackAndThrowOnError(Response errorResponse)
   at OpenQA.Selenium.WebDriver.Execute(String driverCommandToExecute, Dictionary`2 parameters)
   at OpenQA.Selenium.WebDriver.StartSession(ICapabilities desiredCapabilities)
   at OpenQA.Selenium.WebDriver..ctor(ICommandExecutor executor, ICapabilities capabilities)
   at OpenQA.Selenium.Chromium.ChromiumDriver..ctor(ChromiumDriverService service, ChromiumOptions options, TimeSpan commandTimeout)
   at OpenQA.Selenium.Chrome.ChromeDriver..ctor(ChromeDriverService service, ChromeOptions options, TimeSpan commandTimeout)
   at OpenQA.Selenium.Chrome.ChromeDriver..ctor(ChromeOptions options)
   at Domain.Supervisor.Supervisor.CreateWebDriver(InstantiateWebDriver newWebDriver) in D:\Dev\Projects\leadsly\Leadsly.Application.Hal\Domain\Supervisor\WebDriverSupervisor.cs:line 35
2022-02-27 23:42:49.944 -05:00 [Error] Failed to create new web driver.
System.ArgumentException: Second path fragment must not be a drive or UNC name. (Parameter 'expression')
   at System.IO.Enumeration.FileSystemEnumerableFactory.NormalizeInputs(String& directory, String& expression, MatchType matchType)
   at System.IO.DirectoryInfo.InternalEnumerateInfos(String path, String searchPattern, SearchTarget searchTarget, EnumerationOptions options)
   at System.IO.DirectoryInfo.GetFiles(String searchPattern, EnumerationOptions enumerationOptions)
   at System.IO.DirectoryInfo.GetFiles(String searchPattern)
   at Domain.Supervisor.Supervisor.WalkDirectoryTree(DirectoryInfo source, DirectoryInfo target)
   at Domain.Supervisor.Supervisor.CopyTemplateProfileIntoDefaultDirectory(String profileDirectoryName)
   at Domain.Supervisor.Supervisor.CreateWebDriver(InstantiateWebDriver newWebDriver)
2022-02-27 23:42:53.963 -05:00 [Error] Exception occured when processing request.
