2022-02-28 21:55:30.855 -05:00 [Error] Failed to create new web driver.
OpenQA.Selenium.WebDriverArgumentException: invalid argument: 'handle' must be a string
  (Session info: chrome=98.0.4758.102)
   at OpenQA.Selenium.WebDriver.UnpackAndThrowOnError(Response errorResponse)
   at OpenQA.Selenium.WebDriver.Execute(String driverCommandToExecute, Dictionary`2 parameters)
   at OpenQA.Selenium.WebDriver.InternalExecute(String driverCommandToExecute, Dictionary`2 parameters)
   at OpenQA.Selenium.TargetLocator.Window(String windowHandleOrName)
   at Domain.Supervisor.Supervisor.CreateWebDriver(InstantiateWebDriver newWebDriver)
2022-02-28 21:55:46.476 -05:00 [Error] Exception occured when processing request.
2022-02-28 21:58:44.616 -05:00 [Error] Failed to create new web driver.
OpenQA.Selenium.WebDriverArgumentException: invalid argument
  (Session info: chrome=98.0.4758.102)
   at OpenQA.Selenium.WebDriver.UnpackAndThrowOnError(Response errorResponse)
   at OpenQA.Selenium.WebDriver.Execute(String driverCommandToExecute, Dictionary`2 parameters)
   at OpenQA.Selenium.WebDriver.set_Url(String value)
   at OpenQA.Selenium.Navigator.GoToUrl(String url)
   at Domain.Supervisor.Supervisor.CreateWebDriver(InstantiateWebDriver newWebDriver)
